Determining if the pthread_create exist failed with the following output:
Change Dir: /home/samkouteili/ROSModelling/2Pub1Topic1Sub/build/CMakeFiles/CMakeTmp

Run Build Command:"/usr/bin/make" "cmTC_e2fcc/fast"
/usr/bin/make -f CMakeFiles/cmTC_e2fcc.dir/build.make CMakeFiles/cmTC_e2fcc.dir/build
make[1]: Entering directory '/home/samkouteili/ROSModelling/2Pub1Topic1Sub/build/CMakeFiles/CMakeTmp'
Building C object CMakeFiles/cmTC_e2fcc.dir/CheckSymbolExists.c.o
/usr/bin/cc    -o CMakeFiles/cmTC_e2fcc.dir/CheckSymbolExists.c.o   -c /home/samkouteili/ROSModelling/2Pub1Topic1Sub/build/CMakeFiles/CMakeTmp/CheckSymbolExists.c
Linking C executable cmTC_e2fcc
/usr/bin/cmake -E cmake_link_script CMakeFiles/cmTC_e2fcc.dir/link.txt --verbose=1
/usr/bin/cc      -rdynamic CMakeFiles/cmTC_e2fcc.dir/CheckSymbolExists.c.o  -o cmTC_e2fcc 
CMakeFiles/cmTC_e2fcc.dir/CheckSymbolExists.c.o: In function `main':
CheckSymbolExists.c:(.text+0x1b): undefined reference to `pthread_create'
collect2: error: ld returned 1 exit status
CMakeFiles/cmTC_e2fcc.dir/build.make:97: recipe for target 'cmTC_e2fcc' failed
make[1]: *** [cmTC_e2fcc] Error 1
make[1]: Leaving directory '/home/samkouteili/ROSModelling/2Pub1Topic1Sub/build/CMakeFiles/CMakeTmp'
Makefile:126: recipe for target 'cmTC_e2fcc/fast' failed
make: *** [cmTC_e2fcc/fast] Error 2

File /home/samkouteili/ROSModelling/2Pub1Topic1Sub/build/CMakeFiles/CMakeTmp/CheckSymbolExists.c:
/* */
#include <pthread.h>

int main(int argc, char** argv)
{
  (void)argv;
#ifndef pthread_create
  return ((int*)(&pthread_create))[argc];
#else
  (void)argc;
  return 0;
#endif
}

Determining if the function pthread_create exists in the pthreads failed with the following output:
Change Dir: /home/samkouteili/ROSModelling/2Pub1Topic1Sub/build/CMakeFiles/CMakeTmp

Run Build Command:"/usr/bin/make" "cmTC_aa419/fast"
/usr/bin/make -f CMakeFiles/cmTC_aa419.dir/build.make CMakeFiles/cmTC_aa419.dir/build
make[1]: Entering directory '/home/samkouteili/ROSModelling/2Pub1Topic1Sub/build/CMakeFiles/CMakeTmp'
Building C object CMakeFiles/cmTC_aa419.dir/CheckFunctionExists.c.o
/usr/bin/cc   -DCHECK_FUNCTION_EXISTS=pthread_create   -o CMakeFiles/cmTC_aa419.dir/CheckFunctionExists.c.o   -c /usr/share/cmake-3.10/Modules/CheckFunctionExists.c
Linking C executable cmTC_aa419
/usr/bin/cmake -E cmake_link_script CMakeFiles/cmTC_aa419.dir/link.txt --verbose=1
/usr/bin/cc  -DCHECK_FUNCTION_EXISTS=pthread_create    -rdynamic CMakeFiles/cmTC_aa419.dir/CheckFunctionExists.c.o  -o cmTC_aa419 -lpthreads 
/usr/bin/ld: cannot find -lpthreads
collect2: error: ld returned 1 exit status
CMakeFiles/cmTC_aa419.dir/build.make:97: recipe for target 'cmTC_aa419' failed
make[1]: *** [cmTC_aa419] Error 1
make[1]: Leaving directory '/home/samkouteili/ROSModelling/2Pub1Topic1Sub/build/CMakeFiles/CMakeTmp'
Makefile:126: recipe for target 'cmTC_aa419/fast' failed
make: *** [cmTC_aa419/fast] Error 2


