Determining if the pthread_create exist failed with the following output:
Change Dir: /home/samkouteili/ROSModelling/2Pub2Topic1Sub/build/CMakeFiles/CMakeTmp

Run Build Command:"/usr/bin/make" "cmTC_dcd3f/fast"
/usr/bin/make -f CMakeFiles/cmTC_dcd3f.dir/build.make CMakeFiles/cmTC_dcd3f.dir/build
make[1]: Entering directory '/home/samkouteili/ROSModelling/2Pub2Topic1Sub/build/CMakeFiles/CMakeTmp'
Building C object CMakeFiles/cmTC_dcd3f.dir/CheckSymbolExists.c.o
/usr/bin/cc    -o CMakeFiles/cmTC_dcd3f.dir/CheckSymbolExists.c.o   -c /home/samkouteili/ROSModelling/2Pub2Topic1Sub/build/CMakeFiles/CMakeTmp/CheckSymbolExists.c
Linking C executable cmTC_dcd3f
/usr/bin/cmake -E cmake_link_script CMakeFiles/cmTC_dcd3f.dir/link.txt --verbose=1
/usr/bin/cc      -rdynamic CMakeFiles/cmTC_dcd3f.dir/CheckSymbolExists.c.o  -o cmTC_dcd3f 
CMakeFiles/cmTC_dcd3f.dir/CheckSymbolExists.c.o: In function `main':
CheckSymbolExists.c:(.text+0x1b): undefined reference to `pthread_create'
collect2: error: ld returned 1 exit status
CMakeFiles/cmTC_dcd3f.dir/build.make:97: recipe for target 'cmTC_dcd3f' failed
make[1]: *** [cmTC_dcd3f] Error 1
make[1]: Leaving directory '/home/samkouteili/ROSModelling/2Pub2Topic1Sub/build/CMakeFiles/CMakeTmp'
Makefile:126: recipe for target 'cmTC_dcd3f/fast' failed
make: *** [cmTC_dcd3f/fast] Error 2

File /home/samkouteili/ROSModelling/2Pub2Topic1Sub/build/CMakeFiles/CMakeTmp/CheckSymbolExists.c:
/* */
#include <pthread.h>

int main(int argc, char** argv)
{
  (void)argv;
#ifndef pthread_create
  return ((int*)(&pthread_create))[argc];
#else
  (void)argc;
  return 0;
#endif
}

Determining if the function pthread_create exists in the pthreads failed with the following output:
Change Dir: /home/samkouteili/ROSModelling/2Pub2Topic1Sub/build/CMakeFiles/CMakeTmp

Run Build Command:"/usr/bin/make" "cmTC_a2bd2/fast"
/usr/bin/make -f CMakeFiles/cmTC_a2bd2.dir/build.make CMakeFiles/cmTC_a2bd2.dir/build
make[1]: Entering directory '/home/samkouteili/ROSModelling/2Pub2Topic1Sub/build/CMakeFiles/CMakeTmp'
Building C object CMakeFiles/cmTC_a2bd2.dir/CheckFunctionExists.c.o
/usr/bin/cc   -DCHECK_FUNCTION_EXISTS=pthread_create   -o CMakeFiles/cmTC_a2bd2.dir/CheckFunctionExists.c.o   -c /usr/share/cmake-3.10/Modules/CheckFunctionExists.c
Linking C executable cmTC_a2bd2
/usr/bin/cmake -E cmake_link_script CMakeFiles/cmTC_a2bd2.dir/link.txt --verbose=1
/usr/bin/cc  -DCHECK_FUNCTION_EXISTS=pthread_create    -rdynamic CMakeFiles/cmTC_a2bd2.dir/CheckFunctionExists.c.o  -o cmTC_a2bd2 -lpthreads 
/usr/bin/ld: cannot find -lpthreads
collect2: error: ld returned 1 exit status
CMakeFiles/cmTC_a2bd2.dir/build.make:97: recipe for target 'cmTC_a2bd2' failed
make[1]: *** [cmTC_a2bd2] Error 1
make[1]: Leaving directory '/home/samkouteili/ROSModelling/2Pub2Topic1Sub/build/CMakeFiles/CMakeTmp'
Makefile:126: recipe for target 'cmTC_a2bd2/fast' failed
make: *** [cmTC_a2bd2/fast] Error 2


