Determining if the pthread_create exist failed with the following output:
Change Dir: /home/samkouteili/ROSModelling/1Pub1Topic2Sub/build/CMakeFiles/CMakeTmp

Run Build Command:"/usr/bin/make" "cmTC_41770/fast"
/usr/bin/make -f CMakeFiles/cmTC_41770.dir/build.make CMakeFiles/cmTC_41770.dir/build
make[1]: Entering directory '/home/samkouteili/ROSModelling/1Pub1Topic2Sub/build/CMakeFiles/CMakeTmp'
Building C object CMakeFiles/cmTC_41770.dir/CheckSymbolExists.c.o
/usr/bin/cc    -o CMakeFiles/cmTC_41770.dir/CheckSymbolExists.c.o   -c /home/samkouteili/ROSModelling/1Pub1Topic2Sub/build/CMakeFiles/CMakeTmp/CheckSymbolExists.c
Linking C executable cmTC_41770
/usr/bin/cmake -E cmake_link_script CMakeFiles/cmTC_41770.dir/link.txt --verbose=1
/usr/bin/cc      -rdynamic CMakeFiles/cmTC_41770.dir/CheckSymbolExists.c.o  -o cmTC_41770 
CMakeFiles/cmTC_41770.dir/CheckSymbolExists.c.o: In function `main':
CheckSymbolExists.c:(.text+0x1b): undefined reference to `pthread_create'
collect2: error: ld returned 1 exit status
CMakeFiles/cmTC_41770.dir/build.make:97: recipe for target 'cmTC_41770' failed
make[1]: *** [cmTC_41770] Error 1
make[1]: Leaving directory '/home/samkouteili/ROSModelling/1Pub1Topic2Sub/build/CMakeFiles/CMakeTmp'
Makefile:126: recipe for target 'cmTC_41770/fast' failed
make: *** [cmTC_41770/fast] Error 2

File /home/samkouteili/ROSModelling/1Pub1Topic2Sub/build/CMakeFiles/CMakeTmp/CheckSymbolExists.c:
/* */
#include <pthread.h>

int main(int argc, char** argv)
{
  (void)argv;
#ifndef pthread_create
  return ((int*)(&pthread_create))[argc];
#else
  (void)argc;
  return 0;
#endif
}

Determining if the function pthread_create exists in the pthreads failed with the following output:
Change Dir: /home/samkouteili/ROSModelling/1Pub1Topic2Sub/build/CMakeFiles/CMakeTmp

Run Build Command:"/usr/bin/make" "cmTC_113dd/fast"
/usr/bin/make -f CMakeFiles/cmTC_113dd.dir/build.make CMakeFiles/cmTC_113dd.dir/build
make[1]: Entering directory '/home/samkouteili/ROSModelling/1Pub1Topic2Sub/build/CMakeFiles/CMakeTmp'
Building C object CMakeFiles/cmTC_113dd.dir/CheckFunctionExists.c.o
/usr/bin/cc   -DCHECK_FUNCTION_EXISTS=pthread_create   -o CMakeFiles/cmTC_113dd.dir/CheckFunctionExists.c.o   -c /usr/share/cmake-3.10/Modules/CheckFunctionExists.c
Linking C executable cmTC_113dd
/usr/bin/cmake -E cmake_link_script CMakeFiles/cmTC_113dd.dir/link.txt --verbose=1
/usr/bin/cc  -DCHECK_FUNCTION_EXISTS=pthread_create    -rdynamic CMakeFiles/cmTC_113dd.dir/CheckFunctionExists.c.o  -o cmTC_113dd -lpthreads 
/usr/bin/ld: cannot find -lpthreads
collect2: error: ld returned 1 exit status
CMakeFiles/cmTC_113dd.dir/build.make:97: recipe for target 'cmTC_113dd' failed
make[1]: *** [cmTC_113dd] Error 1
make[1]: Leaving directory '/home/samkouteili/ROSModelling/1Pub1Topic2Sub/build/CMakeFiles/CMakeTmp'
Makefile:126: recipe for target 'cmTC_113dd/fast' failed
make: *** [cmTC_113dd/fast] Error 2


